2022-01-24 22:21:11,764 - root - INFO - Dict_Operation - New Dict Object Created: {'key1': 'val1', 'key2': 'val2', 'key3': 'val3', 'key4': [1, 2, 3]}
2022-01-24 22:21:42,611 - root - INFO - Dict_Operation - Using Get function of Dict - Start
2022-01-24 22:21:42,611 - root - INFO - Dict_Operation - Value Extracted: [1, 2, 3]
2022-01-24 22:21:42,611 - root - INFO - Dict_Operation - Using Get function of Dict - End
2022-01-24 22:21:48,691 - root - INFO - Dict_Operation - Using keys function of Dict - Start
2022-01-24 22:21:48,691 - root - INFO - Dict_Operation - Dict Data Extracted using keys function: dict_keys(['key1', 'key2', 'key3', 'key4'])
2022-01-24 22:21:48,697 - root - INFO - Dict_Operation - Using keys function of Dict - End
2022-01-24 22:21:52,938 - root - INFO - Dict_Operation - Using values function of Dict - Start
2022-01-24 22:21:52,938 - root - INFO - Dict_Operation - Dict Data Extracted using values function: dict_values(['val1', 'val2', 'val3', [1, 2, 3]])
2022-01-24 22:21:52,938 - root - INFO - Dict_Operation - Using values function of Dict - End
2022-01-24 22:22:00,302 - root - INFO - Dict_Operation - Using items function of Dict - Start
2022-01-24 22:22:00,302 - root - INFO - Dict_Operation - Dict Data Extracted using items function: dict_items([('key1', 'val1'), ('key2', 'val2'), ('key3', 'val3'), ('key4', [1, 2, 3])])
2022-01-24 22:22:00,302 - root - INFO - Dict_Operation - Using items function of Dict - End
2022-01-24 22:22:06,801 - root - INFO - Dict_Operation - Using Copy function of Dict - Start
2022-01-24 22:22:06,801 - root - INFO - Dict_Operation - New Dict Created (newDict) : {'key1': 'val1', 'key2': 'val2', 'key3': 'val3', 'key4': [1, 2, 3]}
2022-01-24 22:22:06,801 - root - INFO - Dict_Operation - Using Copy function of Dict - End
2022-01-24 22:22:34,067 - root - INFO - Dict_Operation - Using Pop function of Dict - Start
2022-01-24 22:22:34,067 - root - INFO - Dict_Operation - Dict Data before Pop: {'key1': 'val1', 'key2': 'val2', 'key3': 'val3', 'key4': [1, 2, 3]}
2022-01-24 22:22:34,067 - root - INFO - Dict_Operation - Dict Data After Pop: {'key2': 'val2', 'key3': 'val3', 'key4': [1, 2, 3]}
2022-01-24 22:22:34,067 - root - INFO - Dict_Operation - Using Pop function of Dict - End
2022-01-24 22:22:39,193 - root - INFO - Dict_Operation - Using Popitem function of Dict - Start
2022-01-24 22:22:39,193 - root - INFO - Dict_Operation - Dict Data before Pop: {'key2': 'val2', 'key3': 'val3', 'key4': [1, 2, 3]}
2022-01-24 22:22:39,193 - root - INFO - Dict_Operation - Popped ('key4', [1, 2, 3]) from dictionary
2022-01-24 22:22:39,194 - root - INFO - Dict_Operation - Dict Data After Pop: {'key2': 'val2', 'key3': 'val3'}
2022-01-24 22:22:39,194 - root - INFO - Dict_Operation - Using Popitem function of Dict - End
2022-01-24 22:23:12,160 - root - INFO - Dict_Operation - Using update function of Dict - Start
2022-01-24 22:23:12,160 - root - INFO - Dict_Operation - Dict Data before update: {'key2': 'val2', 'key3': 'val3'}
2022-01-24 22:23:12,160 - root - INFO - Dict_Operation - Dict Data After update: {'key2': 'val2', 'key3': 'val3', 'key55': 'value55'}
2022-01-24 22:23:12,161 - root - INFO - Dict_Operation - Using update function of Dict - End
